<?xml version="1.0" encoding="UTF-8"?>
<!-- Generated by org.testng.reporters.JUnitReportReporter -->
<testsuite skipped="0" hostname="DESKTOP-T1H5NFV" name="Maven.Demo1" tests="1" failures="0" timestamp="06 Jun 2019 17:20:34 GMT" time="27.731" errors="0">
  <testcase name="TestOne" time="27.731" classname="Maven.Demo1"/>
</testsuite> <!-- Maven.Demo1 -->
